<?xml version="1.0" encoding="UTF-8"?>
<!-- Generated by org.testng.reporters.JUnitXMLReporter -->
<testsuite ignored="6" hostname="Personal" failures="2" tests="2" name="AnyTestName" time="15.048" errors="0" timestamp="17 Sep 2018 17:50:08 GMT">
  <testcase classname="testSuite.E2E.TestFunctionalityA" name="test3" time="6.398">
    <failure type="java.lang.AssertionError" message="Supposed to be passed expected [true] but found [false]">
      <![CDATA[java.lang.AssertionError: Supposed to be passed expected [true] but found [false]
at testSuite.E2E.TestFunctionalityA.test3(TestFunctionalityA.java:33)
... Removed 28 stack frames]]>
    </failure>
  </testcase> <!-- test3 -->
  <testcase classname="testSuite.E2E.TestFunctionalityA" name="test1" time="5.127">
    <failure type="java.lang.AssertionError" message="Supposed to be passed expected [true] but found [false]">
      <![CDATA[java.lang.AssertionError: Supposed to be passed expected [true] but found [false]
at testSuite.E2E.TestFunctionalityA.test1(TestFunctionalityA.java:15)
... Removed 28 stack frames]]>
    </failure>
  </testcase> <!-- test1 -->
  <testcase classname="testSuite.E2E.TestFunctionalityB" name="test4" time="0.0">
    <ignored/>
  </testcase> <!-- test4 -->
  <testcase classname="testSuite.E2E.TestFunctionalityA" name="test2" time="0.0">
    <ignored/>
  </testcase> <!-- test2 -->
  <testcase classname="testSuite.E2E.TestFunctionalityB" name="test6" time="0.0">
    <ignored/>
  </testcase> <!-- test6 -->
  <testcase classname="testSuite.E2E.TestFunctionalityB" name="test5" time="0.0">
    <ignored/>
  </testcase> <!-- test5 -->
  <testcase classname="easy.util.BaseUtils" name="@AfterTest afterTest" time="0.0">
    <ignored/>
  </testcase> <!-- @AfterTest afterTest -->
  <testcase classname="easy.util.BaseUtils" name="@BeforeTest beforeTest" time="0.0">
    <ignored/>
  </testcase> <!-- @BeforeTest beforeTest -->
</testsuite> <!-- AnyTestName -->
